# JRE version: OpenJDK Runtime Environment (11.0.10) (build 11.0.10+0-b96-7249189)
# Java VM: OpenJDK 64-Bit Server VM (11.0.10+0-b96-7249189, mixed mode, tiered, compressed oops, g1 gc, windows-amd64)
Heap:
 garbage-first heap   total 1077248K, used 210944K [0x0000000080000000, 0x0000000100000000)
  region size 1024K, 7 young (7168K), 7 survivors (7168K)
 Metaspace       used 183570K, capacity 188071K, committed 188288K, reserved 1212416K
  class space    used 23030K, capacity 24704K, committed 24704K, reserved 1048576K
GC Heap History (20 events):
Event: 7897.137 GC heap after
{Heap after GC invocations=189 (full 0):
 garbage-first heap   total 435200K, used 137954K [0x0000000080000000, 0x0000000100000000)
  region size 1024K, 1 young (1024K), 1 survivors (1024K)
 Metaspace       used 178197K, capacity 182401K, committed 183040K, reserved 1208320K
  class space    used 22114K, capacity 23705K, committed 23808K, reserved 1048576K
}
Event: 7898.788 GC heap before
{Heap before GC invocations=189 (full 0):
 garbage-first heap   total 435200K, used 158434K [0x0000000080000000, 0x0000000100000000)
  region size 1024K, 21 young (21504K), 1 survivors (1024K)
 Metaspace       used 178242K, capacity 182466K, committed 183040K, reserved 1208320K
  class space    used 22115K, capacity 23705K, committed 23808K, reserved 1048576K
}
Event: 7898.800 GC heap after
{Heap after GC invocations=190 (full 0):
 garbage-first heap   total 435200K, used 138789K [0x0000000080000000, 0x0000000100000000)
  region size 1024K, 2 young (2048K), 2 survivors (2048K)
 Metaspace       used 178242K, capacity 182466K, committed 183040K, reserved 1208320K
  class space    used 22115K, capacity 23705K, committed 23808K, reserved 1048576K
}
Event: 7900.426 GC heap before
{Heap before GC invocations=191 (full 0):
 garbage-first heap   total 435200K, used 146981K [0x0000000080000000, 0x0000000100000000)
  region size 1024K, 11 young (11264K), 2 survivors (2048K)
 Metaspace       used 178417K, capacity 182670K, committed 183296K, reserved 1208320K
  class space    used 22133K, capacity 23707K, committed 23808K, reserved 1048576K
}
Event: 7900.436 GC heap after
{Heap after GC invocations=192 (full 0):
 garbage-first heap   total 435200K, used 139070K [0x0000000080000000, 0x0000000100000000)
  region size 1024K, 2 young (2048K), 2 survivors (2048K)
 Metaspace       used 178417K, capacity 182670K, committed 183296K, reserved 1208320K
  class space    used 22133K, capacity 23707K, committed 23808K, reserved 1048576K
}
Event: 7901.158 GC heap before
{Heap before GC invocations=193 (full 0):
 garbage-first heap   total 435200K, used 141118K [0x0000000080000000, 0x0000000100000000)
  region size 1024K, 3 young (3072K), 2 survivors (2048K)
 Metaspace       used 178435K, capacity 182670K, committed 183296K, reserved 1208320K
  class space    used 22136K, capacity 23707K, committed 23808K, reserved 1048576K
}
Event: 7901.169 GC heap after
{Heap after GC invocations=194 (full 0):
 garbage-first heap   total 435200K, used 141082K [0x0000000080000000, 0x0000000100000000)
  region size 1024K, 2 young (2048K), 2 survivors (2048K)
 Metaspace       used 178435K, capacity 182670K, committed 183296K, reserved 1208320K
  class space    used 22136K, capacity 23707K, committed 23808K, reserved 1048576K
}
Event: 7901.751 GC heap before
{Heap before GC invocations=195 (full 0):
 garbage-first heap   total 435200K, used 143130K [0x0000000080000000, 0x0000000100000000)
  region size 1024K, 3 young (3072K), 2 survivors (2048K)
 Metaspace       used 178445K, capacity 182670K, committed 183296K, reserved 1208320K
  class space    used 22138K, capacity 23707K, committed 23808K, reserved 1048576K
}
Event: 7901.769 GC heap after
{Heap after GC invocations=196 (full 0):
 garbage-first heap   total 435200K, used 143160K [0x0000000080000000, 0x0000000100000000)
  region size 1024K, 2 young (2048K), 2 survivors (2048K)
 Metaspace       used 178445K, capacity 182670K, committed 183296K, reserved 1208320K
  class space    used 22138K, capacity 23707K, committed 23808K, reserved 1048576K
}
Event: 7902.858 GC heap before
{Heap before GC invocations=197 (full 0):
 garbage-first heap   total 435200K, used 145208K [0x0000000080000000, 0x0000000100000000)
  region size 1024K, 5 young (5120K), 2 survivors (2048K)
 Metaspace       used 178465K, capacity 182670K, committed 183296K, reserved 1208320K
  class space    used 22139K, capacity 23707K, committed 23808K, reserved 1048576K
}
Event: 7902.908 GC heap after
{Heap after GC invocations=198 (full 0):
 garbage-first heap   total 435200K, used 146682K [0x0000000080000000, 0x0000000100000000)
  region size 1024K, 3 young (3072K), 3 survivors (3072K)
 Metaspace       used 178465K, capacity 182670K, committed 183296K, reserved 1208320K
  class space    used 22139K, capacity 23707K, committed 23808K, reserved 1048576K
}
Event: 7905.244 GC heap before
{Heap before GC invocations=199 (full 0):
 garbage-first heap   total 435200K, used 149754K [0x0000000080000000, 0x0000000100000000)
  region size 1024K, 7 young (7168K), 3 survivors (3072K)
 Metaspace       used 179105K, capacity 183366K, committed 183936K, reserved 1210368K
  class space    used 22237K, capacity 23811K, committed 23936K, reserved 1048576K
}
Event: 7905.256 GC heap after
{Heap after GC invocations=200 (full 0):
 garbage-first heap   total 435200K, used 148677K [0x0000000080000000, 0x0000000100000000)
  region size 1024K, 4 young (4096K), 4 survivors (4096K)
 Metaspace       used 179105K, capacity 183366K, committed 183936K, reserved 1210368K
  class space    used 22237K, capacity 23811K, committed 23936K, reserved 1048576K
}
Event: 7905.982 GC heap before
{Heap before GC invocations=201 (full 0):
 garbage-first heap   total 435200K, used 153797K [0x0000000080000000, 0x0000000100000000)
  region size 1024K, 6 young (6144K), 4 survivors (4096K)
 Metaspace       used 179348K, capacity 183631K, committed 184192K, reserved 1210368K
  class space    used 22278K, capacity 23878K, committed 23936K, reserved 1048576K
}
Event: 7905.993 GC heap after
{Heap after GC invocations=202 (full 0):
 garbage-first heap   total 435200K, used 150778K [0x0000000080000000, 0x0000000100000000)
  region size 1024K, 4 young (4096K), 4 survivors (4096K)
 Metaspace       used 179348K, capacity 183631K, committed 184192K, reserved 1210368K
  class space    used 22278K, capacity 23878K, committed 23936K, reserved 1048576K
}
Event: 7911.209 GC heap before
{Heap before GC invocations=203 (full 0):
 garbage-first heap   total 435200K, used 252154K [0x0000000080000000, 0x0000000100000000)
  region size 1024K, 96 young (98304K), 4 survivors (4096K)
 Metaspace       used 181656K, capacity 185960K, committed 186240K, reserved 1210368K
  class space    used 22744K, capacity 24352K, committed 24448K, reserved 1048576K
}
Event: 7915.383 GC heap after
{Heap after GC invocations=204 (full 0):
 garbage-first heap   total 435200K, used 196020K [0x0000000080000000, 0x0000000100000000)
  region size 1024K, 12 young (12288K), 12 survivors (12288K)
 Metaspace       used 181656K, capacity 185960K, committed 186240K, reserved 1210368K
  class space    used 22744K, capacity 24352K, committed 24448K, reserved 1048576K
}
Event: 7915.858 GC heap before
{Heap before GC invocations=204 (full 0):
 garbage-first heap   total 435200K, used 205236K [0x0000000080000000, 0x0000000100000000)
  region size 1024K, 21 young (21504K), 12 survivors (12288K)
 Metaspace       used 181658K, capacity 185960K, committed 186240K, reserved 1210368K
  class space    used 22744K, capacity 24352K, committed 24448K, reserved 1048576K
}
Event: 7918.409 GC heap after
{Heap after GC invocations=205 (full 0):
 garbage-first heap   total 435200K, used 201216K [0x0000000080000000, 0x0000000100000000)
  region size 1024K, 3 young (3072K), 3 survivors (3072K)
 Metaspace       used 181658K, capacity 185960K, committed 186240K, reserved 1210368K
  class space    used 22744K, capacity 24352K, committed 24448K, reserved 1048576K
}
Event: 7926.914 GC heap before
{Heap before GC invocations=206 (full 0):
 garbage-first heap   total 435200K, used 248320K [0x0000000080000000, 0x0000000100000000)
  region size 1024K, 49 young (50176K), 3 survivors (3072K)
 Metaspace       used 183570K, capacity 188071K, committed 188288K, reserved 1212416K
  class space    used 23030K, capacity 24704K, committed 24704K, reserved 1048576K
}

